<?xml version="1.0" encoding="UTF-8"?>
<!-- Generated by org.testng.reporters.JUnitXMLReporter -->
<testsuite ignored="0" hostname="MAHESH-PC" failures="0" tests="7" name="Test2" time="0.107" errors="0" timestamp="2022-10-31T19:37:31 IST">
  <testcase classname="paralleltesting.class4" name="tc01" time="0.003"/>
  <testcase classname="paralleltesting.class4" name="tc02" time="0.006"/>
  <testcase classname="paralleltesting.class4" name="tc03" time="0.006"/>
  <testcase classname="paralleltesting.class4" name="tc04" time="0.011"/>
  <testcase classname="paralleltesting.class3" name="tc01" time="0.01"/>
  <testcase classname="paralleltesting.class3" name="tc02" time="0.002"/>
  <testcase classname="paralleltesting.class3" name="tc03" time="0.006"/>
</testsuite> <!-- Test2 -->
