<?xml version="1.0" encoding="UTF-8"?>
<!-- Generated by org.testng.reporters.JUnitXMLReporter -->
<testsuite ignored="0" hostname="MAHESH-PC" failures="0" tests="13" name="Test" time="0.126" errors="0" timestamp="2022-10-31T19:28:41 IST">
  <testcase classname="paralleltesting.class3" name="tc01" time="0.017"/>
  <testcase classname="paralleltesting.class4" name="tc01" time="0.017"/>
  <testcase classname="paralleltesting.class2" name="tc01" time="0.017"/>
  <testcase classname="paralleltesting.class1" name="tc01" time="0.017"/>
  <testcase classname="paralleltesting.class2" name="tc02" time="0.003"/>
  <testcase classname="paralleltesting.class1" name="tc02" time="0.009"/>
  <testcase classname="paralleltesting.class4" name="tc02" time="0.009"/>
  <testcase classname="paralleltesting.class1" name="tc03" time="0.002"/>
  <testcase classname="paralleltesting.class2" name="tc03" time="0.003"/>
  <testcase classname="paralleltesting.class3" name="tc02" time="0.013"/>
  <testcase classname="paralleltesting.class4" name="tc03" time="0.003"/>
  <testcase classname="paralleltesting.class3" name="tc03" time="0.003"/>
  <testcase classname="paralleltesting.class4" name="tc04" time="0.002"/>
</testsuite> <!-- Test -->
