<?xml version="1.0" encoding="UTF-8"?>
<!-- Generated by org.testng.reporters.JUnitXMLReporter -->
<testsuite ignored="0" hostname="MAHESH-PC" failures="0" tests="6" name="Test1" time="0.102" errors="0" timestamp="2022-10-31T19:37:30 IST">
  <testcase classname="paralleltesting.class2" name="tc01" time="0.016"/>
  <testcase classname="paralleltesting.class2" name="tc02" time="0.006"/>
  <testcase classname="paralleltesting.class2" name="tc03" time="0.001"/>
  <testcase classname="paralleltesting.class1" name="tc01" time="0.002"/>
  <testcase classname="paralleltesting.class1" name="tc02" time="0.002"/>
  <testcase classname="paralleltesting.class1" name="tc03" time="0.002"/>
</testsuite> <!-- Test1 -->
